<?xml version="1.0" encoding="UTF-8"?>
<!-- Generated by org.testng.reporters.JUnitReportReporter -->
<testsuite skipped="0" hostname="DESKTOP-201CKUJ" name="test.AccountSuccessfullyCreatedMsgTest" tests="2" failures="0" timestamp="2020-05-14T13:45:57 EDT" time="28.572" errors="0">
  <testcase name="addNewAccount" time="12.538" classname="test.AccountSuccessfullyCreatedMsgTest"/>
  <system-out/>
  <testcase name="ccountSuccessfullyCreatedMsg" time="16.034" classname="test.AccountSuccessfullyCreatedMsgTest"/>
  <system-out/>
</testsuite> <!-- test.AccountSuccessfullyCreatedMsgTest -->
