<?xml version="1.0" encoding="UTF-8"?>
<!-- Generated by org.testng.reporters.JUnitReportReporter -->
<testsuite skipped="0" hostname="LAPTOP-D2FOFQO2" name="test_sk.LoginTest" tests="1" failures="0" timestamp="2020-05-13T22:03:08 CDT" time="7.888" errors="0">
  <testcase name="validUserShouldBeAbletoLoginin" time="7.888" classname="test_sk.LoginTest"/>
  <system-out/>
</testsuite> <!-- test_sk.LoginTest -->
