<?xml version="1.0" encoding="UTF-8"?>
<!-- Generated by org.testng.reporters.JUnitReportReporter -->
<testsuite skipped="0" hostname="Moqaddass-MacBook-Air.local" name="test.AddNewAccountBankAndCashtest" tests="1" failures="0" timestamp="2020-05-14T02:13:49 CDT" time="11.307" errors="0">
  <testcase name="validUserShouldBeAbletoLoginin" time="11.307" classname="test.AddNewAccountBankAndCashtest"/>
  <system-out/>
</testsuite> <!-- test.AddNewAccountBankAndCashtest -->
