<?xml version="1.0" encoding="UTF-8"?>
<!-- Generated by org.testng.reporters.JUnitReportReporter -->
<testsuite skipped="0" hostname="Moqaddass-MacBook-Air.local" name="test.LoginTest" tests="1" failures="0" timestamp="2020-05-13T23:53:01 CDT" time="8.221" errors="0">
  <testcase name="validUserShouldBeAbletoLoginin" time="8.221" classname="test.LoginTest"/>
  <system-out/>
</testsuite> <!-- test.LoginTest -->
