<?xml version="1.0" encoding="UTF-8"?>
<!-- Generated by org.testng.reporters.JUnitReportReporter -->
<testsuite skipped="0" hostname="DESKTOP-201CKUJ" name="test.LoginTest" tests="1" failures="0" timestamp="2020-05-14T01:47:50 EDT" time="10.436" errors="0">
  <testcase name="validUserShouldBeAbletoLoginin" time="10.436" classname="test.LoginTest"/>
  <system-out/>
</testsuite> <!-- test.LoginTest -->
