<?xml version="1.0" encoding="UTF-8"?>
<!-- Generated by org.testng.reporters.JUnitReportReporter -->
<testsuite skipped="0" hostname="DESKTOP-201CKUJ" name="test.BankAndCashTest" tests="1" failures="0" timestamp="2020-05-14T11:28:49 EDT" time="13.400" errors="0">
  <testcase name="clickOnNewAccount" time="13.400" classname="test.BankAndCashTest"/>
  <system-out/>
</testsuite> <!-- test.BankAndCashTest -->
