<?xml version="1.0" encoding="UTF-8"?>
<!-- Generated by org.testng.reporters.JUnitReportReporter -->
<testsuite skipped="0" hostname="DESKTOP-201CKUJ" name="test.AddNewAccountTest" tests="1" failures="0" timestamp="2020-05-14T15:12:32 EDT" time="15.799" errors="0">
  <testcase name="addNewAccount" time="15.799" classname="test.AddNewAccountTest"/>
  <system-out/>
</testsuite> <!-- test.AddNewAccountTest -->
