<?xml version="1.0" encoding="UTF-8"?>
<!-- Generated by org.testng.reporters.JUnitReportReporter -->
<testsuite skipped="0" hostname="LAPTOP-D2FOFQO2" name="test.test" tests="1" failures="0" timestamp="2020-05-13T22:26:14 CDT" time="34.913" errors="0">
  <testcase name="createNewContactPage" time="34.913" classname="test.test"/>
  <system-out/>
</testsuite> <!-- test.test -->
