<?xml version="1.0" encoding="UTF-8"?>
<!-- Generated by org.testng.reporters.JUnitReportReporter -->
<testsuite skipped="0" hostname="LAPTOP-D2FOFQO2" name="test.LoginTest" tests="1" failures="0" timestamp="2020-05-13T21:39:41 CDT" time="6.927" errors="0">
  <testcase name="validUserShouldBeAbletoLoginin" time="6.927" classname="test.LoginTest"/>
  <system-out/>
</testsuite> <!-- test.LoginTest -->
