<?xml version="1.0" encoding="UTF-8"?>
<!-- Generated by org.testng.reporters.JUnitReportReporter -->
<testsuite skipped="0" hostname="Moqaddass-MacBook-Air.local" name="test.CreateAccountinBankAndCashTest" tests="1" failures="0" timestamp="2020-05-14T00:50:54 CDT" time="10.872" errors="0">
  <testcase name="ValidUserShouldBeAbleToCreateAccount" time="10.872" classname="test.CreateAccountinBankAndCashTest"/>
  <system-out/>
</testsuite> <!-- test.CreateAccountinBankAndCashTest -->
