<?xml version="1.0" encoding="UTF-8"?>
<!-- Generated by org.testng.reporters.JUnitReportReporter -->
<testsuite skipped="0" hostname="DESKTOP-201CKUJ" name="test.LoginTest" tests="1" failures="0" timestamp="14 May 2020 05:44:46 GMT" time="15.733" errors="0">
  <testcase name="validUserShouldBeAbletoLoginin" time="15.733" classname="test.LoginTest"/>
</testsuite> <!-- test.LoginTest -->
